[2024-02-29 01:14:43Z INFO HostContext] No proxy settings were found based on environmental variables (http_proxy/https_proxy/HTTP_PROXY/HTTPS_PROXY)
[2024-02-29 01:14:43Z INFO HostContext] Well known directory 'Bin': 'C:\workspaces\Skunkworks\skunkworks.github.io\skunkworks.github.io\actions-runner\bin'
[2024-02-29 01:14:43Z INFO HostContext] Well known directory 'Root': 'C:\workspaces\Skunkworks\skunkworks.github.io\skunkworks.github.io\actions-runner'
[2024-02-29 01:14:43Z INFO HostContext] Well known config file 'Credentials': 'C:\workspaces\Skunkworks\skunkworks.github.io\skunkworks.github.io\actions-runner\.credentials'
[2024-02-29 01:14:43Z INFO HostContext] Well known directory 'Bin': 'C:\workspaces\Skunkworks\skunkworks.github.io\skunkworks.github.io\actions-runner\bin'
[2024-02-29 01:14:43Z INFO HostContext] Well known directory 'Root': 'C:\workspaces\Skunkworks\skunkworks.github.io\skunkworks.github.io\actions-runner'
[2024-02-29 01:14:43Z INFO HostContext] Well known config file 'Runner': 'C:\workspaces\Skunkworks\skunkworks.github.io\skunkworks.github.io\actions-runner\.runner'
[2024-02-29 01:14:43Z INFO Listener] Runner is built for Windows (X64) - win-x64.
[2024-02-29 01:14:43Z INFO Listener] RuntimeInformation: Microsoft Windows 10.0.19045.
[2024-02-29 01:14:43Z INFO Listener] Version: 2.314.1
[2024-02-29 01:14:43Z INFO Listener] Commit: 976290d966e6cc3e748a49bf8fdbe139ff764201
[2024-02-29 01:14:43Z INFO Listener] Culture: en-ZA
[2024-02-29 01:14:43Z INFO Listener] UI Culture: en-US
[2024-02-29 01:14:43Z INFO HostContext] Well known directory 'Bin': 'C:\workspaces\Skunkworks\skunkworks.github.io\skunkworks.github.io\actions-runner\bin'
[2024-02-29 01:14:43Z INFO HostContext] Well known directory 'Root': 'C:\workspaces\Skunkworks\skunkworks.github.io\skunkworks.github.io\actions-runner'
[2024-02-29 01:14:43Z INFO Listener] Validating directory permissions for: 'C:\workspaces\Skunkworks\skunkworks.github.io\skunkworks.github.io\actions-runner'
[2024-02-29 01:14:43Z INFO CommandLineParser] Parse
[2024-02-29 01:14:43Z INFO CommandLineParser] Parsing 5 args
[2024-02-29 01:14:43Z INFO CommandLineParser] parsing argument
[2024-02-29 01:14:43Z INFO CommandLineParser] HasArgs: False
[2024-02-29 01:14:43Z INFO CommandLineParser] Adding Command: configure
[2024-02-29 01:14:43Z INFO CommandLineParser] parsing argument
[2024-02-29 01:14:43Z INFO CommandLineParser] HasArgs: True
[2024-02-29 01:14:43Z INFO CommandLineParser] arg: url
[2024-02-29 01:14:43Z INFO CommandLineParser] parsing argument
[2024-02-29 01:14:43Z INFO CommandLineParser] HasArgs: True
[2024-02-29 01:14:43Z INFO CommandLineParser] Adding option 'url': 'https://github.com/skunkworksza/skunkworks.github.io'
[2024-02-29 01:14:43Z INFO CommandLineParser] parsing argument
[2024-02-29 01:14:43Z INFO CommandLineParser] HasArgs: True
[2024-02-29 01:14:43Z INFO CommandLineParser] arg: token
[2024-02-29 01:14:43Z INFO CommandLineParser] parsing argument
[2024-02-29 01:14:43Z INFO CommandLineParser] HasArgs: True
[2024-02-29 01:14:43Z INFO CommandLineParser] Adding option 'token': '***'
[2024-02-29 01:14:43Z INFO Listener] Arguments parsed
[2024-02-29 01:14:43Z INFO Runner] ExecuteCommand
[2024-02-29 01:14:43Z INFO ConfigurationStore] currentAssemblyLocation: C:\workspaces\Skunkworks\skunkworks.github.io\skunkworks.github.io\actions-runner\bin\Runner.Listener.dll
[2024-02-29 01:14:43Z INFO HostContext] Well known directory 'Bin': 'C:\workspaces\Skunkworks\skunkworks.github.io\skunkworks.github.io\actions-runner\bin'
[2024-02-29 01:14:43Z INFO ConfigurationStore] binPath: C:\workspaces\Skunkworks\skunkworks.github.io\skunkworks.github.io\actions-runner\bin
[2024-02-29 01:14:43Z INFO HostContext] Well known directory 'Bin': 'C:\workspaces\Skunkworks\skunkworks.github.io\skunkworks.github.io\actions-runner\bin'
[2024-02-29 01:14:43Z INFO HostContext] Well known directory 'Root': 'C:\workspaces\Skunkworks\skunkworks.github.io\skunkworks.github.io\actions-runner'
[2024-02-29 01:14:43Z INFO ConfigurationStore] RootFolder: C:\workspaces\Skunkworks\skunkworks.github.io\skunkworks.github.io\actions-runner
[2024-02-29 01:14:43Z INFO HostContext] Well known directory 'Bin': 'C:\workspaces\Skunkworks\skunkworks.github.io\skunkworks.github.io\actions-runner\bin'
[2024-02-29 01:14:43Z INFO HostContext] Well known directory 'Root': 'C:\workspaces\Skunkworks\skunkworks.github.io\skunkworks.github.io\actions-runner'
[2024-02-29 01:14:43Z INFO HostContext] Well known config file 'Runner': 'C:\workspaces\Skunkworks\skunkworks.github.io\skunkworks.github.io\actions-runner\.runner'
[2024-02-29 01:14:43Z INFO ConfigurationStore] ConfigFilePath: C:\workspaces\Skunkworks\skunkworks.github.io\skunkworks.github.io\actions-runner\.runner
[2024-02-29 01:14:43Z INFO HostContext] Well known directory 'Bin': 'C:\workspaces\Skunkworks\skunkworks.github.io\skunkworks.github.io\actions-runner\bin'
[2024-02-29 01:14:43Z INFO HostContext] Well known directory 'Root': 'C:\workspaces\Skunkworks\skunkworks.github.io\skunkworks.github.io\actions-runner'
[2024-02-29 01:14:43Z INFO HostContext] Well known config file 'Credentials': 'C:\workspaces\Skunkworks\skunkworks.github.io\skunkworks.github.io\actions-runner\.credentials'
[2024-02-29 01:14:43Z INFO ConfigurationStore] CredFilePath: C:\workspaces\Skunkworks\skunkworks.github.io\skunkworks.github.io\actions-runner\.credentials
[2024-02-29 01:14:43Z INFO HostContext] Well known directory 'Bin': 'C:\workspaces\Skunkworks\skunkworks.github.io\skunkworks.github.io\actions-runner\bin'
[2024-02-29 01:14:43Z INFO HostContext] Well known directory 'Root': 'C:\workspaces\Skunkworks\skunkworks.github.io\skunkworks.github.io\actions-runner'
[2024-02-29 01:14:43Z INFO HostContext] Well known config file 'MigratedCredentials': 'C:\workspaces\Skunkworks\skunkworks.github.io\skunkworks.github.io\actions-runner\.credentials_migrated'
[2024-02-29 01:14:43Z INFO ConfigurationStore] MigratedCredFilePath: C:\workspaces\Skunkworks\skunkworks.github.io\skunkworks.github.io\actions-runner\.credentials_migrated
[2024-02-29 01:14:43Z INFO HostContext] Well known directory 'Bin': 'C:\workspaces\Skunkworks\skunkworks.github.io\skunkworks.github.io\actions-runner\bin'
[2024-02-29 01:14:43Z INFO HostContext] Well known directory 'Root': 'C:\workspaces\Skunkworks\skunkworks.github.io\skunkworks.github.io\actions-runner'
[2024-02-29 01:14:43Z INFO HostContext] Well known config file 'Service': 'C:\workspaces\Skunkworks\skunkworks.github.io\skunkworks.github.io\actions-runner\.service'
[2024-02-29 01:14:43Z INFO ConfigurationStore] ServiceConfigFilePath: C:\workspaces\Skunkworks\skunkworks.github.io\skunkworks.github.io\actions-runner\.service
[2024-02-29 01:14:43Z INFO CommandSettings] Flag 'help': 'False'
[2024-02-29 01:14:43Z INFO CommandSettings] Flag 'version': 'False'
[2024-02-29 01:14:43Z INFO CommandSettings] Flag 'commit': 'False'
[2024-02-29 01:14:43Z INFO CommandSettings] Flag 'check': 'False'
[2024-02-29 01:14:43Z INFO CommandSettings] Command 'configure': 'True'
[2024-02-29 01:14:43Z INFO Terminal] WRITE LINE: 
[2024-02-29 01:14:43Z INFO Terminal] WRITE LINE: --------------------------------------------------------------------------------
[2024-02-29 01:14:43Z INFO Terminal] WRITE LINE: |        ____ _ _   _   _       _          _        _   _                      |
[2024-02-29 01:14:43Z INFO Terminal] WRITE LINE: |       / ___(_) |_| | | |_   _| |__      / \   ___| |_(_) ___  _ __  ___      |
[2024-02-29 01:14:43Z INFO Terminal] WRITE LINE: |      | |  _| | __| |_| | | | | '_ \    / _ \ / __| __| |/ _ \| '_ \/ __|     |
[2024-02-29 01:14:43Z INFO Terminal] WRITE LINE: |      | |_| | | |_|  _  | |_| | |_) |  / ___ \ (__| |_| | (_) | | | \__ \     |
[2024-02-29 01:14:43Z INFO Terminal] WRITE LINE: |       \____|_|\__|_| |_|\__,_|_.__/  /_/   \_\___|\__|_|\___/|_| |_|___/     |
[2024-02-29 01:14:43Z INFO Terminal] WRITE LINE: |                                                                              |
[2024-02-29 01:14:43Z INFO Terminal] WRITE: |                       
[2024-02-29 01:14:43Z INFO Terminal] WRITE: Self-hosted runner registration
[2024-02-29 01:14:43Z INFO Terminal] WRITE LINE:                         |
[2024-02-29 01:14:43Z INFO Terminal] WRITE LINE: |                                                                              |
[2024-02-29 01:14:43Z INFO Terminal] WRITE LINE: --------------------------------------------------------------------------------
[2024-02-29 01:14:43Z INFO ConfigurationManager] ConfigureAsync
[2024-02-29 01:14:43Z INFO CommandSettings] Flag 'generateServiceConfig': 'False'
[2024-02-29 01:14:43Z INFO ConfigurationStore] IsConfigured()
[2024-02-29 01:14:43Z INFO ConfigurationStore] IsConfigured: False
[2024-02-29 01:14:43Z INFO ConfigurationManager] Is configured: False
[2024-02-29 01:14:43Z INFO CommandSettings] Arg 'url': 'https://github.com/skunkworksza/skunkworks.github.io'
[2024-02-29 01:14:43Z INFO CommandSettings] Remove url from Arg dictionary.
[2024-02-29 01:14:43Z INFO CommandSettings] Arg 'token': '***'
[2024-02-29 01:14:43Z INFO CommandSettings] Remove token from Arg dictionary.
[2024-02-29 01:14:43Z INFO ConfigurationManager] Http response code: OK from 'POST https://api.github.com/actions/runner-registration' (BD56:37477B:DC9CB:11AE77:65DFDA84)
[2024-02-29 01:14:43Z INFO ConfigurationManager] Using V2 flow: False
[2024-02-29 01:14:43Z INFO ConfigurationManager] cred retrieved via GitHub auth
[2024-02-29 01:14:43Z INFO RunnerServer] EstablishVssConnection
[2024-02-29 01:14:43Z INFO RunnerServer] Establish connection with 100 seconds timeout.
[2024-02-29 01:14:43Z INFO GitHubActionsService] Starting operation Location.GetConnectionData
[2024-02-29 01:14:44Z INFO RunnerServer] EstablishVssConnection
[2024-02-29 01:14:44Z INFO RunnerServer] Establish connection with 60 seconds timeout.
[2024-02-29 01:14:44Z INFO GitHubActionsService] Starting operation Location.GetConnectionData
[2024-02-29 01:14:44Z INFO RunnerServer] EstablishVssConnection
[2024-02-29 01:14:44Z INFO RunnerServer] Establish connection with 60 seconds timeout.
[2024-02-29 01:14:44Z INFO GitHubActionsService] Starting operation Location.GetConnectionData
[2024-02-29 01:14:45Z INFO GitHubActionsService] Finished operation Location.GetConnectionData
[2024-02-29 01:14:45Z INFO GitHubActionsService] Finished operation Location.GetConnectionData
[2024-02-29 01:14:45Z INFO GitHubActionsService] Finished operation Location.GetConnectionData
[2024-02-29 01:14:45Z INFO Terminal] WRITE LINE: 
[2024-02-29 01:14:45Z INFO ConfigurationManager] Test Connection complete.
[2024-02-29 01:14:45Z INFO HostContext] Well known directory 'Bin': 'C:\workspaces\Skunkworks\skunkworks.github.io\skunkworks.github.io\actions-runner\bin'
[2024-02-29 01:14:45Z INFO HostContext] Well known directory 'Root': 'C:\workspaces\Skunkworks\skunkworks.github.io\skunkworks.github.io\actions-runner'
[2024-02-29 01:14:45Z INFO HostContext] Well known config file 'RSACredentials': 'C:\workspaces\Skunkworks\skunkworks.github.io\skunkworks.github.io\actions-runner\.credentials_rsaparams'
[2024-02-29 01:14:45Z INFO RSAEncryptedFileKeyManager] Found existing RSA key parameters file C:\workspaces\Skunkworks\skunkworks.github.io\skunkworks.github.io\actions-runner\.credentials_rsaparams
[2024-02-29 01:14:45Z INFO CommandSettings] Arg 'runnergroup': ''
[2024-02-29 01:14:45Z INFO CommandSettings] Flag 'unattended': 'False'
[2024-02-29 01:14:45Z INFO PromptManager] ReadValue
[2024-02-29 01:14:45Z INFO Terminal] WRITE: Enter the name of the runner group to add this runner to: 
[2024-02-29 01:14:45Z INFO Terminal] WRITE: [press Enter for Default] 
[2024-02-29 01:14:45Z INFO Terminal] READ LINE
[2024-02-29 01:14:51Z INFO Terminal] Read value: ''
[2024-02-29 01:14:51Z INFO PromptManager] Falling back to the default: 'Default'
[2024-02-29 01:14:51Z INFO Terminal] WRITE LINE: 
[2024-02-29 01:14:51Z INFO ConfigurationManager] Found a self-hosted runner group with id 1 and name Default
[2024-02-29 01:14:51Z INFO CommandSettings] Flag 'disableupdate': 'False'
[2024-02-29 01:14:51Z INFO CommandSettings] Flag 'ephemeral': 'False'
[2024-02-29 01:14:51Z INFO CommandSettings] Arg 'name': ''
[2024-02-29 01:14:51Z INFO CommandSettings] Flag 'unattended': 'False'
[2024-02-29 01:14:51Z INFO PromptManager] ReadValue
[2024-02-29 01:14:51Z INFO Terminal] WRITE: Enter the name of runner: 
[2024-02-29 01:14:51Z INFO Terminal] WRITE: [press Enter for WALTON] 
[2024-02-29 01:14:51Z INFO Terminal] READ LINE
[2024-02-29 01:14:55Z INFO Terminal] Read value: ''
[2024-02-29 01:14:55Z INFO PromptManager] Falling back to the default: 'WALTON'
[2024-02-29 01:14:55Z INFO Terminal] WRITE LINE: 
[2024-02-29 01:14:55Z INFO CommandSettings] Arg 'labels': ''
[2024-02-29 01:14:55Z INFO CommandSettings] Flag 'unattended': 'False'
[2024-02-29 01:14:55Z INFO PromptManager] ReadValue
[2024-02-29 01:14:55Z INFO Terminal] WRITE: This runner will have the following labels: 'self-hosted', 'Windows', 'X64' 
Enter any additional labels (ex. label-1,label-2): 
[2024-02-29 01:14:55Z INFO Terminal] WRITE: [press Enter to skip] 
[2024-02-29 01:14:55Z INFO Terminal] READ LINE
[2024-02-29 01:15:00Z INFO Terminal] Read value: ''
[2024-02-29 01:15:00Z INFO Terminal] WRITE LINE: 
[2024-02-29 01:15:00Z INFO CommandSettings] Flag 'disableupdate': 'False'
[2024-02-29 01:15:00Z INFO CommandSettings] Flag 'no-default-labels': 'False'
[2024-02-29 01:15:00Z INFO CommandSettings] Flag 'disableupdate': 'False'
[2024-02-29 01:15:00Z INFO CommandSettings] Flag 'ephemeral': 'False'
[2024-02-29 01:15:00Z INFO ConfigurationStore] Saving OAuth credential @ C:\workspaces\Skunkworks\skunkworks.github.io\skunkworks.github.io\actions-runner\.credentials
[2024-02-29 01:15:00Z INFO ConfigurationStore] Credentials Saved.
[2024-02-29 01:15:00Z INFO ConfigurationStore] HasCredentials()
[2024-02-29 01:15:00Z INFO ConfigurationStore] stored True
[2024-02-29 01:15:00Z INFO CredentialManager] GetCredentialProvider
[2024-02-29 01:15:00Z INFO CredentialManager] Creating type OAuth
[2024-02-29 01:15:00Z INFO CredentialManager] Creating credential type: OAuth
[2024-02-29 01:15:00Z INFO RSAEncryptedFileKeyManager] Loading RSA key parameters from file C:\workspaces\Skunkworks\skunkworks.github.io\skunkworks.github.io\actions-runner\.credentials_rsaparams
[2024-02-29 01:15:00Z INFO RunnerServer] EstablishVssConnection
[2024-02-29 01:15:00Z INFO RunnerServer] Establish connection with 100 seconds timeout.
[2024-02-29 01:15:00Z INFO GitHubActionsService] Starting operation Location.GetConnectionData
[2024-02-29 01:15:00Z INFO RunnerServer] EstablishVssConnection
[2024-02-29 01:15:00Z INFO RunnerServer] Establish connection with 60 seconds timeout.
[2024-02-29 01:15:00Z INFO GitHubActionsService] Starting operation Location.GetConnectionData
[2024-02-29 01:15:00Z INFO RunnerServer] EstablishVssConnection
[2024-02-29 01:15:00Z INFO RunnerServer] Establish connection with 60 seconds timeout.
[2024-02-29 01:15:00Z INFO GitHubActionsService] Starting operation Location.GetConnectionData
[2024-02-29 01:15:01Z INFO GitHubActionsService] Finished operation Location.GetConnectionData
[2024-02-29 01:15:01Z INFO GitHubActionsService] Finished operation Location.GetConnectionData
[2024-02-29 01:15:01Z INFO GitHubActionsService] Finished operation Location.GetConnectionData
[2024-02-29 01:15:02Z INFO RSAEncryptedFileKeyManager] Loading RSA key parameters from file C:\workspaces\Skunkworks\skunkworks.github.io\skunkworks.github.io\actions-runner\.credentials_rsaparams
[2024-02-29 01:15:02Z INFO RSAEncryptedFileKeyManager] Loading RSA key parameters from file C:\workspaces\Skunkworks\skunkworks.github.io\skunkworks.github.io\actions-runner\.credentials_rsaparams
[2024-02-29 01:15:03Z INFO GitHubActionsService] AAD Correlation ID for this token request: Unknown
[2024-02-29 01:15:03Z INFO CommandSettings] Arg 'work': ''
[2024-02-29 01:15:03Z INFO CommandSettings] Flag 'unattended': 'False'
[2024-02-29 01:15:03Z INFO PromptManager] ReadValue
[2024-02-29 01:15:03Z INFO Terminal] WRITE: Enter name of work folder: 
[2024-02-29 01:15:03Z INFO Terminal] WRITE: [press Enter for _work] 
[2024-02-29 01:15:03Z INFO Terminal] READ LINE
[2024-02-29 01:15:09Z INFO Terminal] Read value: ''
[2024-02-29 01:15:09Z INFO PromptManager] Falling back to the default: '_work'
[2024-02-29 01:15:09Z INFO ConfigurationStore] Saving runner settings.
[2024-02-29 01:15:09Z INFO ConfigurationStore] Settings Saved.
[2024-02-29 01:15:09Z INFO Terminal] WRITE LINE: 
[2024-02-29 01:15:09Z INFO Terminal] WRITE LINE: 
[2024-02-29 01:15:09Z INFO CommandSettings] Flag 'runasservice': 'False'
[2024-02-29 01:15:09Z INFO CommandSettings] Flag 'unattended': 'False'
[2024-02-29 01:15:09Z INFO PromptManager] ReadValue
[2024-02-29 01:15:09Z INFO Terminal] WRITE: Would you like to run the runner as service? (Y/N) 
[2024-02-29 01:15:09Z INFO Terminal] WRITE: [press Enter for N] 
[2024-02-29 01:15:09Z INFO Terminal] READ LINE
[2024-02-29 01:15:14Z INFO Terminal] Read value: ''
[2024-02-29 01:15:14Z INFO PromptManager] Falling back to the default: 'N'
[2024-02-29 01:15:14Z INFO Listener] Runner execution has finished with return code 0
