[2024-02-29 01:15:37Z INFO HostContext] No proxy settings were found based on environmental variables (http_proxy/https_proxy/HTTP_PROXY/HTTPS_PROXY)
[2024-02-29 01:15:37Z INFO HostContext] Well known directory 'Bin': 'C:\workspaces\Skunkworks\skunkworks.github.io\skunkworks.github.io\actions-runner\bin'
[2024-02-29 01:15:37Z INFO HostContext] Well known directory 'Root': 'C:\workspaces\Skunkworks\skunkworks.github.io\skunkworks.github.io\actions-runner'
[2024-02-29 01:15:37Z INFO HostContext] Well known config file 'Credentials': 'C:\workspaces\Skunkworks\skunkworks.github.io\skunkworks.github.io\actions-runner\.credentials'
[2024-02-29 01:15:37Z INFO HostContext] Well known directory 'Bin': 'C:\workspaces\Skunkworks\skunkworks.github.io\skunkworks.github.io\actions-runner\bin'
[2024-02-29 01:15:37Z INFO HostContext] Well known directory 'Root': 'C:\workspaces\Skunkworks\skunkworks.github.io\skunkworks.github.io\actions-runner'
[2024-02-29 01:15:37Z INFO HostContext] Well known config file 'Runner': 'C:\workspaces\Skunkworks\skunkworks.github.io\skunkworks.github.io\actions-runner\.runner'
[2024-02-29 01:15:37Z INFO Listener] Runner is built for Windows (X64) - win-x64.
[2024-02-29 01:15:37Z INFO Listener] RuntimeInformation: Microsoft Windows 10.0.19045.
[2024-02-29 01:15:37Z INFO Listener] Version: 2.314.1
[2024-02-29 01:15:37Z INFO Listener] Commit: 976290d966e6cc3e748a49bf8fdbe139ff764201
[2024-02-29 01:15:37Z INFO Listener] Culture: en-ZA
[2024-02-29 01:15:37Z INFO Listener] UI Culture: en-US
[2024-02-29 01:15:37Z INFO HostContext] Well known directory 'Bin': 'C:\workspaces\Skunkworks\skunkworks.github.io\skunkworks.github.io\actions-runner\bin'
[2024-02-29 01:15:37Z INFO HostContext] Well known directory 'Root': 'C:\workspaces\Skunkworks\skunkworks.github.io\skunkworks.github.io\actions-runner'
[2024-02-29 01:15:37Z INFO Listener] Validating directory permissions for: 'C:\workspaces\Skunkworks\skunkworks.github.io\skunkworks.github.io\actions-runner'
[2024-02-29 01:15:37Z INFO CommandLineParser] Parse
[2024-02-29 01:15:37Z INFO CommandLineParser] Parsing 1 args
[2024-02-29 01:15:37Z INFO CommandLineParser] parsing argument
[2024-02-29 01:15:37Z INFO CommandLineParser] HasArgs: False
[2024-02-29 01:15:37Z INFO CommandLineParser] Adding Command: run
[2024-02-29 01:15:37Z INFO Listener] Arguments parsed
[2024-02-29 01:15:37Z INFO Runner] ExecuteCommand
[2024-02-29 01:15:37Z INFO ConfigurationStore] currentAssemblyLocation: C:\workspaces\Skunkworks\skunkworks.github.io\skunkworks.github.io\actions-runner\bin\Runner.Listener.dll
[2024-02-29 01:15:37Z INFO HostContext] Well known directory 'Bin': 'C:\workspaces\Skunkworks\skunkworks.github.io\skunkworks.github.io\actions-runner\bin'
[2024-02-29 01:15:37Z INFO ConfigurationStore] binPath: C:\workspaces\Skunkworks\skunkworks.github.io\skunkworks.github.io\actions-runner\bin
[2024-02-29 01:15:37Z INFO HostContext] Well known directory 'Bin': 'C:\workspaces\Skunkworks\skunkworks.github.io\skunkworks.github.io\actions-runner\bin'
[2024-02-29 01:15:37Z INFO HostContext] Well known directory 'Root': 'C:\workspaces\Skunkworks\skunkworks.github.io\skunkworks.github.io\actions-runner'
[2024-02-29 01:15:37Z INFO ConfigurationStore] RootFolder: C:\workspaces\Skunkworks\skunkworks.github.io\skunkworks.github.io\actions-runner
[2024-02-29 01:15:37Z INFO HostContext] Well known directory 'Bin': 'C:\workspaces\Skunkworks\skunkworks.github.io\skunkworks.github.io\actions-runner\bin'
[2024-02-29 01:15:37Z INFO HostContext] Well known directory 'Root': 'C:\workspaces\Skunkworks\skunkworks.github.io\skunkworks.github.io\actions-runner'
[2024-02-29 01:15:37Z INFO HostContext] Well known config file 'Runner': 'C:\workspaces\Skunkworks\skunkworks.github.io\skunkworks.github.io\actions-runner\.runner'
[2024-02-29 01:15:37Z INFO ConfigurationStore] ConfigFilePath: C:\workspaces\Skunkworks\skunkworks.github.io\skunkworks.github.io\actions-runner\.runner
[2024-02-29 01:15:37Z INFO HostContext] Well known directory 'Bin': 'C:\workspaces\Skunkworks\skunkworks.github.io\skunkworks.github.io\actions-runner\bin'
[2024-02-29 01:15:37Z INFO HostContext] Well known directory 'Root': 'C:\workspaces\Skunkworks\skunkworks.github.io\skunkworks.github.io\actions-runner'
[2024-02-29 01:15:37Z INFO HostContext] Well known config file 'Credentials': 'C:\workspaces\Skunkworks\skunkworks.github.io\skunkworks.github.io\actions-runner\.credentials'
[2024-02-29 01:15:37Z INFO ConfigurationStore] CredFilePath: C:\workspaces\Skunkworks\skunkworks.github.io\skunkworks.github.io\actions-runner\.credentials
[2024-02-29 01:15:37Z INFO HostContext] Well known directory 'Bin': 'C:\workspaces\Skunkworks\skunkworks.github.io\skunkworks.github.io\actions-runner\bin'
[2024-02-29 01:15:37Z INFO HostContext] Well known directory 'Root': 'C:\workspaces\Skunkworks\skunkworks.github.io\skunkworks.github.io\actions-runner'
[2024-02-29 01:15:37Z INFO HostContext] Well known config file 'MigratedCredentials': 'C:\workspaces\Skunkworks\skunkworks.github.io\skunkworks.github.io\actions-runner\.credentials_migrated'
[2024-02-29 01:15:37Z INFO ConfigurationStore] MigratedCredFilePath: C:\workspaces\Skunkworks\skunkworks.github.io\skunkworks.github.io\actions-runner\.credentials_migrated
[2024-02-29 01:15:37Z INFO HostContext] Well known directory 'Bin': 'C:\workspaces\Skunkworks\skunkworks.github.io\skunkworks.github.io\actions-runner\bin'
[2024-02-29 01:15:37Z INFO HostContext] Well known directory 'Root': 'C:\workspaces\Skunkworks\skunkworks.github.io\skunkworks.github.io\actions-runner'
[2024-02-29 01:15:37Z INFO HostContext] Well known config file 'Service': 'C:\workspaces\Skunkworks\skunkworks.github.io\skunkworks.github.io\actions-runner\.service'
[2024-02-29 01:15:37Z INFO ConfigurationStore] ServiceConfigFilePath: C:\workspaces\Skunkworks\skunkworks.github.io\skunkworks.github.io\actions-runner\.service
[2024-02-29 01:15:37Z INFO CommandSettings] Flag 'help': 'False'
[2024-02-29 01:15:37Z INFO CommandSettings] Flag 'version': 'False'
[2024-02-29 01:15:37Z INFO CommandSettings] Flag 'commit': 'False'
[2024-02-29 01:15:37Z INFO CommandSettings] Flag 'check': 'False'
[2024-02-29 01:15:37Z INFO CommandSettings] Command 'configure': 'False'
[2024-02-29 01:15:37Z INFO CommandSettings] Command 'remove': 'False'
[2024-02-29 01:15:37Z INFO CommandSettings] Command 'warmup': 'False'
[2024-02-29 01:15:37Z INFO ConfigurationManager] LoadSettings
[2024-02-29 01:15:37Z INFO ConfigurationStore] IsConfigured()
[2024-02-29 01:15:37Z INFO ConfigurationStore] IsConfigured: True
[2024-02-29 01:15:37Z INFO ConfigurationManager] Is configured: True
[2024-02-29 01:15:37Z INFO ConfigurationStore] Read setting file: 315 chars
[2024-02-29 01:15:37Z INFO ConfigurationManager] Settings Loaded
[2024-02-29 01:15:37Z INFO ConfigurationStore] IsServiceConfigured()
[2024-02-29 01:15:37Z INFO ConfigurationStore] IsServiceConfigured: False
[2024-02-29 01:15:37Z INFO CommandSettings] Command 'run': 'True'
[2024-02-29 01:15:37Z INFO ConfigurationStore] IsConfigured()
[2024-02-29 01:15:37Z INFO ConfigurationStore] IsConfigured: True
[2024-02-29 01:15:37Z INFO ConfigurationManager] Is configured: True
[2024-02-29 01:15:37Z INFO Runner] Could not parse the argument value '' for StartupType. Defaulting to Manual
[2024-02-29 01:15:37Z INFO Runner] Set runner startup type - Manual
[2024-02-29 01:15:37Z INFO CommandSettings] Flag 'once': 'False'
[2024-02-29 01:15:37Z INFO CommandSettings] Flag 'once': 'False'
[2024-02-29 01:15:37Z INFO Runner] RunAsync
[2024-02-29 01:15:37Z INFO ConfigurationManager] LoadSettings
[2024-02-29 01:15:37Z INFO ConfigurationStore] IsConfigured()
[2024-02-29 01:15:37Z INFO ConfigurationStore] IsConfigured: True
[2024-02-29 01:15:37Z INFO ConfigurationManager] Is configured: True
[2024-02-29 01:15:37Z INFO ConfigurationManager] Settings Loaded
[2024-02-29 01:15:37Z INFO MessageListener] {
  "AgentId": 21,
  "AgentName": "WALTON",
  "PoolId": 1,
  "PoolName": "Default",
  "ServerUrl": "https://pipelinesghubeus15.actions.githubusercontent.com/TPXheWwv0gBMFQ3Uh5gg2DfUA8BX9dsWXcPfXE2J3bw69WW4mt/",
  "GitHubUrl": "https://github.com/skunkworksza/skunkworks.github.io",
  "WorkFolder": "_work"
}
[2024-02-29 01:15:37Z INFO MessageListener] Loading Credentials
[2024-02-29 01:15:37Z INFO ConfigurationStore] HasCredentials()
[2024-02-29 01:15:37Z INFO ConfigurationStore] stored True
[2024-02-29 01:15:37Z INFO CredentialManager] GetCredentialProvider
[2024-02-29 01:15:37Z INFO CredentialManager] Creating type OAuth
[2024-02-29 01:15:37Z INFO CredentialManager] Creating credential type: OAuth
[2024-02-29 01:15:37Z INFO HostContext] Well known directory 'Bin': 'C:\workspaces\Skunkworks\skunkworks.github.io\skunkworks.github.io\actions-runner\bin'
[2024-02-29 01:15:37Z INFO HostContext] Well known directory 'Root': 'C:\workspaces\Skunkworks\skunkworks.github.io\skunkworks.github.io\actions-runner'
[2024-02-29 01:15:37Z INFO HostContext] Well known config file 'RSACredentials': 'C:\workspaces\Skunkworks\skunkworks.github.io\skunkworks.github.io\actions-runner\.credentials_rsaparams'
[2024-02-29 01:15:37Z INFO RSAEncryptedFileKeyManager] Loading RSA key parameters from file C:\workspaces\Skunkworks\skunkworks.github.io\skunkworks.github.io\actions-runner\.credentials_rsaparams
[2024-02-29 01:15:37Z INFO MessageListener] Attempt to create session.
[2024-02-29 01:15:37Z INFO MessageListener] Connecting to the Runner Server...
[2024-02-29 01:15:37Z INFO RunnerServer] EstablishVssConnection
[2024-02-29 01:15:37Z INFO RunnerServer] Establish connection with 100 seconds timeout.
[2024-02-29 01:15:37Z INFO GitHubActionsService] Starting operation Location.GetConnectionData
[2024-02-29 01:15:37Z INFO RunnerServer] EstablishVssConnection
[2024-02-29 01:15:37Z INFO RunnerServer] Establish connection with 60 seconds timeout.
[2024-02-29 01:15:37Z INFO GitHubActionsService] Starting operation Location.GetConnectionData
[2024-02-29 01:15:37Z INFO RunnerServer] EstablishVssConnection
[2024-02-29 01:15:37Z INFO RunnerServer] Establish connection with 60 seconds timeout.
[2024-02-29 01:15:37Z INFO GitHubActionsService] Starting operation Location.GetConnectionData
[2024-02-29 01:15:38Z INFO GitHubActionsService] Finished operation Location.GetConnectionData
[2024-02-29 01:15:38Z INFO GitHubActionsService] Finished operation Location.GetConnectionData
[2024-02-29 01:15:38Z INFO GitHubActionsService] Finished operation Location.GetConnectionData
[2024-02-29 01:15:38Z INFO MessageListener] VssConnection created
[2024-02-29 01:15:38Z INFO Terminal] WRITE LINE: 
[2024-02-29 01:15:38Z INFO Terminal] WRITE LINE: 
[2024-02-29 01:15:39Z INFO RSAEncryptedFileKeyManager] Loading RSA key parameters from file C:\workspaces\Skunkworks\skunkworks.github.io\skunkworks.github.io\actions-runner\.credentials_rsaparams
[2024-02-29 01:15:39Z INFO RSAEncryptedFileKeyManager] Loading RSA key parameters from file C:\workspaces\Skunkworks\skunkworks.github.io\skunkworks.github.io\actions-runner\.credentials_rsaparams
[2024-02-29 01:15:40Z INFO GitHubActionsService] AAD Correlation ID for this token request: Unknown
[2024-02-29 01:15:40Z INFO MessageListener] Session created.
[2024-02-29 01:15:40Z INFO Terminal] WRITE LINE: Current runner version: '2.314.1'
[2024-02-29 01:15:40Z INFO Terminal] WRITE LINE: 2024-02-29 01:15:40Z: Listening for Jobs
[2024-02-29 01:15:40Z INFO JobDispatcher] Set runner/worker IPC timeout to 30 seconds.
[2024-02-29 01:45:49Z INFO MessageListener] No message retrieved from session '0c9a3c19-5c61-4cb8-ad1c-f97152eb9b3c' within last 30 minutes.
